<?xml version="1.0" encoding="UTF-8" ?>
<testsuites>
  <testsuite errors="0" failures="0" hostname="ip-172-31-7-2" id="0" name="AdditionTest" package="" skipped="0" tests="3" time="0.145" timestamp="2019-10-29T06:44:24">
      <properties>
[...]
</properties>

      <testcase classname="AdditionTest" name="testNum1" time="0.001" />

      <testcase classname="AdditionTest" name="testNum2" time="0.0" />

      <testcase classname="AdditionTest" name="testGetSum" time="0.001" />

      <system-out><![CDATA[]]></system-out>

      <system-err><![CDATA[]]></system-err>

  </testsuite>
</testsuites>
